<?xml version="1.0" encoding="UTF-8"?>
<testsuite xmlns:xsi="http://www.w3.org/2001/XMLSchema-instance" xsi:noNamespaceSchemaLocation="https://maven.apache.org/surefire/maven-surefire-plugin/xsd/surefire-test-report.xsd" version="3.0.2" name="com.salud360.demo.tasktracker.TasktrackerApplicationTests" time="18.702" tests="1" errors="0" skipped="0" failures="0">
  <properties>
[...]
</properties>
  <testcase name="contextLoads" classname="com.salud360.demo.tasktracker.TasktrackerApplicationTests" time="5.23">
    <system-out><![CDATA[08:25:57.036 [main] INFO org.springframework.test.context.support.AnnotationConfigContextLoaderUtils -- Could not detect default configuration classes for test class [com.salud360.demo.tasktracker.TasktrackerApplicationTests]: TasktrackerApplicationTests does not declare any static, non-private, non-final, nested classes annotated with @Configuration.
08:25:57.562 [main] INFO org.springframework.boot.test.context.SpringBootTestContextBootstrapper -- Found @SpringBootConfiguration com.salud360.demo.tasktracker.TasktrackerApplication for test class com.salud360.demo.tasktracker.TasktrackerApplicationTests

  .   ____          _            __ _ _
 /\\ / ___'_ __ _ _(_)_ __  __ _ \ \ \ \
( ( )\___ | '_ | '_| | '_ \/ _` | \ \ \ \
 \\/  ___)| |_)| | | | | || (_| |  ) ) ) )
  '  |____| .__|_| |_|_| |_\__, | / / / /
 =========|_|==============|___/=/_/_/_/

 :: Spring Boot ::                (v4.0.1)

2026-01-03T08:25:59.804-06:00  INFO 15392 --- [           main] c.s.d.t.TasktrackerApplicationTests      : Starting TasktrackerApplicationTests using Java 21.0.4 with PID 15392 (started by amadr in C:\Examen)
2026-01-03T08:25:59.810-06:00  INFO 15392 --- [           main] c.s.d.t.TasktrackerApplicationTests      : No active profile set, falling back to 1 default profile: "default"
2026-01-03T08:26:09.396-06:00  INFO 15392 --- [           main] c.s.d.t.TasktrackerApplicationTests      : Started TasktrackerApplicationTests in 11.041 seconds (process running for 17.787)
]]></system-out>
    <system-err><![CDATA[Mockito is currently self-attaching to enable the inline-mock-maker. This will no longer work in future releases of the JDK. Please add Mockito as an agent to your build as described in Mockito's documentation: https://javadoc.io/doc/org.mockito/mockito-core/latest/org.mockito/org/mockito/Mockito.html#0.3
WARNING: A Java agent has been loaded dynamically (C:\Users\amadr\.m2\repository\net\bytebuddy\byte-buddy-agent\1.17.8\byte-buddy-agent-1.17.8.jar)
WARNING: If a serviceability tool is in use, please run with -XX:+EnableDynamicAgentLoading to hide this warning
WARNING: If a serviceability tool is not in use, please run with -Djdk.instrument.traceUsage for more information
WARNING: Dynamic loading of agents will be disallowed by default in a future release
]]></system-err>
  </testcase>
</testsuite>